[2015-10-26 15:49:12] local.ERROR: exception 'ErrorException' with message 'Use of undefined constant Session - assumed 'Session'' in /home/vagrant/Code/Laravels/Auth/app/Http/routes.php:12
Stack trace:
#0 /home/vagrant/Code/Laravels/Auth/app/Http/routes.php(12): Illuminate\Foundation\Bootstrap\HandleExceptions->handleError(8, 'Use of undefine...', '/home/vagrant/C...', 12, Array)
#1 [internal function]: App\Providers\RouteServiceProvider->{closure}()
#2 /home/vagrant/Code/Laravels/Auth/vendor/laravel/framework/src/Illuminate/Routing/Route.php(155): call_user_func_array(Object(Closure), Array)
#3 /home/vagrant/Code/Laravels/Auth/vendor/laravel/framework/src/Illuminate/Routing/Route.php(130): Illuminate\Routing\Route->runCallable(Object(Illuminate\Http\Request))
#4 /home/vagrant/Code/Laravels/Auth/vendor/laravel/framework/src/Illuminate/Routing/Router.php(704): Illuminate\Routing\Route->run(Object(Illuminate\Http\Request))
#5 [internal function]: Illuminate\Routing\Router->Illuminate\Routing\{closure}(Object(Illuminate\Http\Request))
#6 /home/vagrant/Code/Laravels/Auth/vendor/laravel/framework/src/Illuminate/Pipeline/Pipeline.php(139): call_user_func(Object(Closure), Object(Illuminate\Http\Request))
#7 [internal function]: Illuminate\Pipeline\Pipeline->Illuminate\Pipeline\{closure}(Object(Illuminate\Http\Request))
#8 /home/vagrant/Code/Laravels/Auth/vendor/laravel/framework/src/Illuminate/Pipeline/Pipeline.php(103): call_user_func(Object(Closure), Object(Illuminate\Http\Request))
#9 /home/vagrant/Code/Laravels/Auth/vendor/laravel/framework/src/Illuminate/Routing/Router.php(706): Illuminate\Pipeline\Pipeline->then(Object(Closure))
#10 /home/vagrant/Code/Laravels/Auth/vendor/laravel/framework/src/Illuminate/Routing/Router.php(671): Illuminate\Routing\Router->runRouteWithinStack(Object(Illuminate\Routing\Route), Object(Illuminate\Http\Request))
#11 /home/vagrant/Code/Laravels/Auth/vendor/laravel/framework/src/Illuminate/Routing/Router.php(631): Illuminate\Routing\Router->dispatchToRoute(Object(Illuminate\Http\Request))
#12 /home/vagrant/Code/Laravels/Auth/vendor/laravel/framework/src/Illuminate/Foundation/Http/Kernel.php(236): Illuminate\Routing\Router->dispatch(Object(Illuminate\Http\Request))
#13 [internal function]: Illuminate\Foundation\Http\Kernel->Illuminate\Foundation\Http\{closure}(Object(Illuminate\Http\Request))
#14 /home/vagrant/Code/Laravels/Auth/vendor/laravel/framework/src/Illuminate/Pipeline/Pipeline.php(139): call_user_func(Object(Closure), Object(Illuminate\Http\Request))
#15 /home/vagrant/Code/Laravels/Auth/vendor/laravel/framework/src/Illuminate/Foundation/Http/Middleware/VerifyCsrfToken.php(50): Illuminate\Pipeline\Pipeline->Illuminate\Pipeline\{closure}(Object(Illuminate\Http\Request))
#16 [internal function]: Illuminate\Foundation\Http\Middleware\VerifyCsrfToken->handle(Object(Illuminate\Http\Request), Object(Closure))
#17 /home/vagrant/Code/Laravels/Auth/vendor/laravel/framework/src/Illuminate/Pipeline/Pipeline.php(124): call_user_func_array(Array, Array)
#18 /home/vagrant/Code/Laravels/Auth/vendor/laravel/framework/src/Illuminate/View/Middleware/ShareErrorsFromSession.php(49): Illuminate\Pipeline\Pipeline->Illuminate\Pipeline\{closure}(Object(Illuminate\Http\Request))
#19 [internal function]: Illuminate\View\Middleware\ShareErrorsFromSession->handle(Object(Illuminate\Http\Request), Object(Closure))
#20 /home/vagrant/Code/Laravels/Auth/vendor/laravel/framework/src/Illuminate/Pipeline/Pipeline.php(124): call_user_func_array(Array, Array)
#21 /home/vagrant/Code/Laravels/Auth/vendor/laravel/framework/src/Illuminate/Session/Middleware/StartSession.php(62): Illuminate\Pipeline\Pipeline->Illuminate\Pipeline\{closure}(Object(Illuminate\Http\Request))
#22 [internal function]: Illuminate\Session\Middleware\StartSession->handle(Object(Illuminate\Http\Request), Object(Closure))
#23 /home/vagrant/Code/Laravels/Auth/vendor/laravel/framework/src/Illuminate/Pipeline/Pipeline.php(124): call_user_func_array(Array, Array)
#24 /home/vagrant/Code/Laravels/Auth/vendor/laravel/framework/src/Illuminate/Cookie/Middleware/AddQueuedCookiesToResponse.php(37): Illuminate\Pipeline\Pipeline->Illuminate\Pipeline\{closure}(Object(Illuminate\Http\Request))
#25 [internal function]: Illuminate\Cookie\Middleware\AddQueuedCookiesToResponse->handle(Object(Illuminate\Http\Request), Object(Closure))
#26 /home/vagrant/Code/Laravels/Auth/vendor/laravel/framework/src/Illuminate/Pipeline/Pipeline.php(124): call_user_func_array(Array, Array)
#27 /home/vagrant/Code/Laravels/Auth/vendor/laravel/framework/src/Illuminate/Cookie/Middleware/EncryptCookies.php(59): Illuminate\Pipeline\Pipeline->Illuminate\Pipeline\{closure}(Object(Illuminate\Http\Request))
#28 [internal function]: Illuminate\Cookie\Middleware\EncryptCookies->handle(Object(Illuminate\Http\Request), Object(Closure))
#29 /home/vagrant/Code/Laravels/Auth/vendor/laravel/framework/src/Illuminate/Pipeline/Pipeline.php(124): call_user_func_array(Array, Array)
#30 /home/vagrant/Code/Laravels/Auth/vendor/laravel/framework/src/Illuminate/Foundation/Http/Middleware/CheckForMaintenanceMode.php(42): Illuminate\Pipeline\Pipeline->Illuminate\Pipeline\{closure}(Object(Illuminate\Http\Request))
#31 [internal function]: Illuminate\Foundation\Http\Middleware\CheckForMaintenanceMode->handle(Object(Illuminate\Http\Request), Object(Closure))
#32 /home/vagrant/Code/Laravels/Auth/vendor/laravel/framework/src/Illuminate/Pipeline/Pipeline.php(124): call_user_func_array(Array, Array)
#33 [internal function]: Illuminate\Pipeline\Pipeline->Illuminate\Pipeline\{closure}(Object(Illuminate\Http\Request))
#34 /home/vagrant/Code/Laravels/Auth/vendor/laravel/framework/src/Illuminate/Pipeline/Pipeline.php(103): call_user_func(Object(Closure), Object(Illuminate\Http\Request))
#35 /home/vagrant/Code/Laravels/Auth/vendor/laravel/framework/src/Illuminate/Foundation/Http/Kernel.php(122): Illuminate\Pipeline\Pipeline->then(Object(Closure))
#36 /home/vagrant/Code/Laravels/Auth/vendor/laravel/framework/src/Illuminate/Foundation/Http/Kernel.php(87): Illuminate\Foundation\Http\Kernel->sendRequestThroughRouter(Object(Illuminate\Http\Request))
#37 /home/vagrant/Code/Laravels/Auth/public/index.php(54): Illuminate\Foundation\Http\Kernel->handle(Object(Illuminate\Http\Request))
#38 {main}  
[2015-10-26 16:57:01] local.ERROR: exception 'Illuminate\Session\TokenMismatchException' in /home/vagrant/Code/Laravels/Auth/vendor/laravel/framework/src/Illuminate/Foundation/Http/Middleware/VerifyCsrfToken.php:53
Stack trace:
#0 [internal function]: Illuminate\Foundation\Http\Middleware\VerifyCsrfToken->handle(Object(Illuminate\Http\Request), Object(Closure))
#1 /home/vagrant/Code/Laravels/Auth/vendor/laravel/framework/src/Illuminate/Pipeline/Pipeline.php(124): call_user_func_array(Array, Array)
#2 /home/vagrant/Code/Laravels/Auth/vendor/laravel/framework/src/Illuminate/View/Middleware/ShareErrorsFromSession.php(49): Illuminate\Pipeline\Pipeline->Illuminate\Pipeline\{closure}(Object(Illuminate\Http\Request))
#3 [internal function]: Illuminate\View\Middleware\ShareErrorsFromSession->handle(Object(Illuminate\Http\Request), Object(Closure))
#4 /home/vagrant/Code/Laravels/Auth/vendor/laravel/framework/src/Illuminate/Pipeline/Pipeline.php(124): call_user_func_array(Array, Array)
#5 /home/vagrant/Code/Laravels/Auth/vendor/laravel/framework/src/Illuminate/Session/Middleware/StartSession.php(62): Illuminate\Pipeline\Pipeline->Illuminate\Pipeline\{closure}(Object(Illuminate\Http\Request))
#6 [internal function]: Illuminate\Session\Middleware\StartSession->handle(Object(Illuminate\Http\Request), Object(Closure))
#7 /home/vagrant/Code/Laravels/Auth/vendor/laravel/framework/src/Illuminate/Pipeline/Pipeline.php(124): call_user_func_array(Array, Array)
#8 /home/vagrant/Code/Laravels/Auth/vendor/laravel/framework/src/Illuminate/Cookie/Middleware/AddQueuedCookiesToResponse.php(37): Illuminate\Pipeline\Pipeline->Illuminate\Pipeline\{closure}(Object(Illuminate\Http\Request))
#9 [internal function]: Illuminate\Cookie\Middleware\AddQueuedCookiesToResponse->handle(Object(Illuminate\Http\Request), Object(Closure))
#10 /home/vagrant/Code/Laravels/Auth/vendor/laravel/framework/src/Illuminate/Pipeline/Pipeline.php(124): call_user_func_array(Array, Array)
#11 /home/vagrant/Code/Laravels/Auth/vendor/laravel/framework/src/Illuminate/Cookie/Middleware/EncryptCookies.php(59): Illuminate\Pipeline\Pipeline->Illuminate\Pipeline\{closure}(Object(Illuminate\Http\Request))
#12 [internal function]: Illuminate\Cookie\Middleware\EncryptCookies->handle(Object(Illuminate\Http\Request), Object(Closure))
#13 /home/vagrant/Code/Laravels/Auth/vendor/laravel/framework/src/Illuminate/Pipeline/Pipeline.php(124): call_user_func_array(Array, Array)
#14 /home/vagrant/Code/Laravels/Auth/vendor/laravel/framework/src/Illuminate/Foundation/Http/Middleware/CheckForMaintenanceMode.php(42): Illuminate\Pipeline\Pipeline->Illuminate\Pipeline\{closure}(Object(Illuminate\Http\Request))
#15 [internal function]: Illuminate\Foundation\Http\Middleware\CheckForMaintenanceMode->handle(Object(Illuminate\Http\Request), Object(Closure))
#16 /home/vagrant/Code/Laravels/Auth/vendor/laravel/framework/src/Illuminate/Pipeline/Pipeline.php(124): call_user_func_array(Array, Array)
#17 [internal function]: Illuminate\Pipeline\Pipeline->Illuminate\Pipeline\{closure}(Object(Illuminate\Http\Request))
#18 /home/vagrant/Code/Laravels/Auth/vendor/laravel/framework/src/Illuminate/Pipeline/Pipeline.php(103): call_user_func(Object(Closure), Object(Illuminate\Http\Request))
#19 /home/vagrant/Code/Laravels/Auth/vendor/laravel/framework/src/Illuminate/Foundation/Http/Kernel.php(122): Illuminate\Pipeline\Pipeline->then(Object(Closure))
#20 /home/vagrant/Code/Laravels/Auth/vendor/laravel/framework/src/Illuminate/Foundation/Http/Kernel.php(87): Illuminate\Foundation\Http\Kernel->sendRequestThroughRouter(Object(Illuminate\Http\Request))
#21 /home/vagrant/Code/Laravels/Auth/public/index.php(54): Illuminate\Foundation\Http\Kernel->handle(Object(Illuminate\Http\Request))
#22 {main}  
[2015-10-26 16:57:35] local.ERROR: exception 'Illuminate\Session\TokenMismatchException' in /home/vagrant/Code/Laravels/Auth/vendor/laravel/framework/src/Illuminate/Foundation/Http/Middleware/VerifyCsrfToken.php:53
Stack trace:
#0 [internal function]: Illuminate\Foundation\Http\Middleware\VerifyCsrfToken->handle(Object(Illuminate\Http\Request), Object(Closure))
#1 /home/vagrant/Code/Laravels/Auth/vendor/laravel/framework/src/Illuminate/Pipeline/Pipeline.php(124): call_user_func_array(Array, Array)
#2 /home/vagrant/Code/Laravels/Auth/vendor/laravel/framework/src/Illuminate/View/Middleware/ShareErrorsFromSession.php(49): Illuminate\Pipeline\Pipeline->Illuminate\Pipeline\{closure}(Object(Illuminate\Http\Request))
#3 [internal function]: Illuminate\View\Middleware\ShareErrorsFromSession->handle(Object(Illuminate\Http\Request), Object(Closure))
#4 /home/vagrant/Code/Laravels/Auth/vendor/laravel/framework/src/Illuminate/Pipeline/Pipeline.php(124): call_user_func_array(Array, Array)
#5 /home/vagrant/Code/Laravels/Auth/vendor/laravel/framework/src/Illuminate/Session/Middleware/StartSession.php(62): Illuminate\Pipeline\Pipeline->Illuminate\Pipeline\{closure}(Object(Illuminate\Http\Request))
#6 [internal function]: Illuminate\Session\Middleware\StartSession->handle(Object(Illuminate\Http\Request), Object(Closure))
#7 /home/vagrant/Code/Laravels/Auth/vendor/laravel/framework/src/Illuminate/Pipeline/Pipeline.php(124): call_user_func_array(Array, Array)
#8 /home/vagrant/Code/Laravels/Auth/vendor/laravel/framework/src/Illuminate/Cookie/Middleware/AddQueuedCookiesToResponse.php(37): Illuminate\Pipeline\Pipeline->Illuminate\Pipeline\{closure}(Object(Illuminate\Http\Request))
#9 [internal function]: Illuminate\Cookie\Middleware\AddQueuedCookiesToResponse->handle(Object(Illuminate\Http\Request), Object(Closure))
#10 /home/vagrant/Code/Laravels/Auth/vendor/laravel/framework/src/Illuminate/Pipeline/Pipeline.php(124): call_user_func_array(Array, Array)
#11 /home/vagrant/Code/Laravels/Auth/vendor/laravel/framework/src/Illuminate/Cookie/Middleware/EncryptCookies.php(59): Illuminate\Pipeline\Pipeline->Illuminate\Pipeline\{closure}(Object(Illuminate\Http\Request))
#12 [internal function]: Illuminate\Cookie\Middleware\EncryptCookies->handle(Object(Illuminate\Http\Request), Object(Closure))
#13 /home/vagrant/Code/Laravels/Auth/vendor/laravel/framework/src/Illuminate/Pipeline/Pipeline.php(124): call_user_func_array(Array, Array)
#14 /home/vagrant/Code/Laravels/Auth/vendor/laravel/framework/src/Illuminate/Foundation/Http/Middleware/CheckForMaintenanceMode.php(42): Illuminate\Pipeline\Pipeline->Illuminate\Pipeline\{closure}(Object(Illuminate\Http\Request))
#15 [internal function]: Illuminate\Foundation\Http\Middleware\CheckForMaintenanceMode->handle(Object(Illuminate\Http\Request), Object(Closure))
#16 /home/vagrant/Code/Laravels/Auth/vendor/laravel/framework/src/Illuminate/Pipeline/Pipeline.php(124): call_user_func_array(Array, Array)
#17 [internal function]: Illuminate\Pipeline\Pipeline->Illuminate\Pipeline\{closure}(Object(Illuminate\Http\Request))
#18 /home/vagrant/Code/Laravels/Auth/vendor/laravel/framework/src/Illuminate/Pipeline/Pipeline.php(103): call_user_func(Object(Closure), Object(Illuminate\Http\Request))
#19 /home/vagrant/Code/Laravels/Auth/vendor/laravel/framework/src/Illuminate/Foundation/Http/Kernel.php(122): Illuminate\Pipeline\Pipeline->then(Object(Closure))
#20 /home/vagrant/Code/Laravels/Auth/vendor/laravel/framework/src/Illuminate/Foundation/Http/Kernel.php(87): Illuminate\Foundation\Http\Kernel->sendRequestThroughRouter(Object(Illuminate\Http\Request))
#21 /home/vagrant/Code/Laravels/Auth/public/index.php(54): Illuminate\Foundation\Http\Kernel->handle(Object(Illuminate\Http\Request))
#22 {main}  
[2015-10-26 17:12:44] local.ERROR: exception 'Illuminate\Session\TokenMismatchException' in /home/vagrant/Code/Laravels/Auth/vendor/laravel/framework/src/Illuminate/Foundation/Http/Middleware/VerifyCsrfToken.php:53
Stack trace:
#0 [internal function]: Illuminate\Foundation\Http\Middleware\VerifyCsrfToken->handle(Object(Illuminate\Http\Request), Object(Closure))
#1 /home/vagrant/Code/Laravels/Auth/vendor/laravel/framework/src/Illuminate/Pipeline/Pipeline.php(124): call_user_func_array(Array, Array)
#2 /home/vagrant/Code/Laravels/Auth/vendor/laravel/framework/src/Illuminate/View/Middleware/ShareErrorsFromSession.php(49): Illuminate\Pipeline\Pipeline->Illuminate\Pipeline\{closure}(Object(Illuminate\Http\Request))
#3 [internal function]: Illuminate\View\Middleware\ShareErrorsFromSession->handle(Object(Illuminate\Http\Request), Object(Closure))
#4 /home/vagrant/Code/Laravels/Auth/vendor/laravel/framework/src/Illuminate/Pipeline/Pipeline.php(124): call_user_func_array(Array, Array)
#5 /home/vagrant/Code/Laravels/Auth/vendor/laravel/framework/src/Illuminate/Session/Middleware/StartSession.php(62): Illuminate\Pipeline\Pipeline->Illuminate\Pipeline\{closure}(Object(Illuminate\Http\Request))
#6 [internal function]: Illuminate\Session\Middleware\StartSession->handle(Object(Illuminate\Http\Request), Object(Closure))
#7 /home/vagrant/Code/Laravels/Auth/vendor/laravel/framework/src/Illuminate/Pipeline/Pipeline.php(124): call_user_func_array(Array, Array)
#8 /home/vagrant/Code/Laravels/Auth/vendor/laravel/framework/src/Illuminate/Cookie/Middleware/AddQueuedCookiesToResponse.php(37): Illuminate\Pipeline\Pipeline->Illuminate\Pipeline\{closure}(Object(Illuminate\Http\Request))
#9 [internal function]: Illuminate\Cookie\Middleware\AddQueuedCookiesToResponse->handle(Object(Illuminate\Http\Request), Object(Closure))
#10 /home/vagrant/Code/Laravels/Auth/vendor/laravel/framework/src/Illuminate/Pipeline/Pipeline.php(124): call_user_func_array(Array, Array)
#11 /home/vagrant/Code/Laravels/Auth/vendor/laravel/framework/src/Illuminate/Cookie/Middleware/EncryptCookies.php(59): Illuminate\Pipeline\Pipeline->Illuminate\Pipeline\{closure}(Object(Illuminate\Http\Request))
#12 [internal function]: Illuminate\Cookie\Middleware\EncryptCookies->handle(Object(Illuminate\Http\Request), Object(Closure))
#13 /home/vagrant/Code/Laravels/Auth/vendor/laravel/framework/src/Illuminate/Pipeline/Pipeline.php(124): call_user_func_array(Array, Array)
#14 /home/vagrant/Code/Laravels/Auth/vendor/laravel/framework/src/Illuminate/Foundation/Http/Middleware/CheckForMaintenanceMode.php(42): Illuminate\Pipeline\Pipeline->Illuminate\Pipeline\{closure}(Object(Illuminate\Http\Request))
#15 [internal function]: Illuminate\Foundation\Http\Middleware\CheckForMaintenanceMode->handle(Object(Illuminate\Http\Request), Object(Closure))
#16 /home/vagrant/Code/Laravels/Auth/vendor/laravel/framework/src/Illuminate/Pipeline/Pipeline.php(124): call_user_func_array(Array, Array)
#17 [internal function]: Illuminate\Pipeline\Pipeline->Illuminate\Pipeline\{closure}(Object(Illuminate\Http\Request))
#18 /home/vagrant/Code/Laravels/Auth/vendor/laravel/framework/src/Illuminate/Pipeline/Pipeline.php(103): call_user_func(Object(Closure), Object(Illuminate\Http\Request))
#19 /home/vagrant/Code/Laravels/Auth/vendor/laravel/framework/src/Illuminate/Foundation/Http/Kernel.php(122): Illuminate\Pipeline\Pipeline->then(Object(Closure))
#20 /home/vagrant/Code/Laravels/Auth/vendor/laravel/framework/src/Illuminate/Foundation/Http/Kernel.php(87): Illuminate\Foundation\Http\Kernel->sendRequestThroughRouter(Object(Illuminate\Http\Request))
#21 /home/vagrant/Code/Laravels/Auth/public/index.php(54): Illuminate\Foundation\Http\Kernel->handle(Object(Illuminate\Http\Request))
#22 {main}  
[2015-10-26 17:12:49] local.ERROR: exception 'Illuminate\Session\TokenMismatchException' in /home/vagrant/Code/Laravels/Auth/vendor/laravel/framework/src/Illuminate/Foundation/Http/Middleware/VerifyCsrfToken.php:53
Stack trace:
#0 [internal function]: Illuminate\Foundation\Http\Middleware\VerifyCsrfToken->handle(Object(Illuminate\Http\Request), Object(Closure))
#1 /home/vagrant/Code/Laravels/Auth/vendor/laravel/framework/src/Illuminate/Pipeline/Pipeline.php(124): call_user_func_array(Array, Array)
#2 /home/vagrant/Code/Laravels/Auth/vendor/laravel/framework/src/Illuminate/View/Middleware/ShareErrorsFromSession.php(49): Illuminate\Pipeline\Pipeline->Illuminate\Pipeline\{closure}(Object(Illuminate\Http\Request))
#3 [internal function]: Illuminate\View\Middleware\ShareErrorsFromSession->handle(Object(Illuminate\Http\Request), Object(Closure))
#4 /home/vagrant/Code/Laravels/Auth/vendor/laravel/framework/src/Illuminate/Pipeline/Pipeline.php(124): call_user_func_array(Array, Array)
#5 /home/vagrant/Code/Laravels/Auth/vendor/laravel/framework/src/Illuminate/Session/Middleware/StartSession.php(62): Illuminate\Pipeline\Pipeline->Illuminate\Pipeline\{closure}(Object(Illuminate\Http\Request))
#6 [internal function]: Illuminate\Session\Middleware\StartSession->handle(Object(Illuminate\Http\Request), Object(Closure))
#7 /home/vagrant/Code/Laravels/Auth/vendor/laravel/framework/src/Illuminate/Pipeline/Pipeline.php(124): call_user_func_array(Array, Array)
#8 /home/vagrant/Code/Laravels/Auth/vendor/laravel/framework/src/Illuminate/Cookie/Middleware/AddQueuedCookiesToResponse.php(37): Illuminate\Pipeline\Pipeline->Illuminate\Pipeline\{closure}(Object(Illuminate\Http\Request))
#9 [internal function]: Illuminate\Cookie\Middleware\AddQueuedCookiesToResponse->handle(Object(Illuminate\Http\Request), Object(Closure))
#10 /home/vagrant/Code/Laravels/Auth/vendor/laravel/framework/src/Illuminate/Pipeline/Pipeline.php(124): call_user_func_array(Array, Array)
#11 /home/vagrant/Code/Laravels/Auth/vendor/laravel/framework/src/Illuminate/Cookie/Middleware/EncryptCookies.php(59): Illuminate\Pipeline\Pipeline->Illuminate\Pipeline\{closure}(Object(Illuminate\Http\Request))
#12 [internal function]: Illuminate\Cookie\Middleware\EncryptCookies->handle(Object(Illuminate\Http\Request), Object(Closure))
#13 /home/vagrant/Code/Laravels/Auth/vendor/laravel/framework/src/Illuminate/Pipeline/Pipeline.php(124): call_user_func_array(Array, Array)
#14 /home/vagrant/Code/Laravels/Auth/vendor/laravel/framework/src/Illuminate/Foundation/Http/Middleware/CheckForMaintenanceMode.php(42): Illuminate\Pipeline\Pipeline->Illuminate\Pipeline\{closure}(Object(Illuminate\Http\Request))
#15 [internal function]: Illuminate\Foundation\Http\Middleware\CheckForMaintenanceMode->handle(Object(Illuminate\Http\Request), Object(Closure))
#16 /home/vagrant/Code/Laravels/Auth/vendor/laravel/framework/src/Illuminate/Pipeline/Pipeline.php(124): call_user_func_array(Array, Array)
#17 [internal function]: Illuminate\Pipeline\Pipeline->Illuminate\Pipeline\{closure}(Object(Illuminate\Http\Request))
#18 /home/vagrant/Code/Laravels/Auth/vendor/laravel/framework/src/Illuminate/Pipeline/Pipeline.php(103): call_user_func(Object(Closure), Object(Illuminate\Http\Request))
#19 /home/vagrant/Code/Laravels/Auth/vendor/laravel/framework/src/Illuminate/Foundation/Http/Kernel.php(122): Illuminate\Pipeline\Pipeline->then(Object(Closure))
#20 /home/vagrant/Code/Laravels/Auth/vendor/laravel/framework/src/Illuminate/Foundation/Http/Kernel.php(87): Illuminate\Foundation\Http\Kernel->sendRequestThroughRouter(Object(Illuminate\Http\Request))
#21 /home/vagrant/Code/Laravels/Auth/public/index.php(54): Illuminate\Foundation\Http\Kernel->handle(Object(Illuminate\Http\Request))
#22 {main}  
[2015-10-26 17:12:57] local.ERROR: exception 'Symfony\Component\Debug\Exception\FatalErrorException' with message 'Class 'App\Http\Controllers\Input' not found' in /home/vagrant/Code/Laravels/Auth/app/Http/Controllers/LoginController.php:13
Stack trace:
#0 /home/vagrant/Code/Laravels/Auth/vendor/laravel/framework/src/Illuminate/Foundation/Bootstrap/HandleExceptions.php(133): Symfony\Component\Debug\Exception\FatalErrorException->__construct()
#1 /home/vagrant/Code/Laravels/Auth/vendor/laravel/framework/src/Illuminate/Foundation/Bootstrap/HandleExceptions.php(118): Illuminate\Foundation\Bootstrap\HandleExceptions->fatalExceptionFromError()
#2 /home/vagrant/Code/Laravels/Auth/vendor/laravel/framework/src/Illuminate/Foundation/Bootstrap/HandleExceptions.php(0): Illuminate\Foundation\Bootstrap\HandleExceptions->handleShutdown()
#3 /home/vagrant/Code/Laravels/Auth/vendor/laravel/framework/src/Illuminate/Routing/Controller.php(256): App\Http\Controllers\LoginController->postLogin()
#4 /home/vagrant/Code/Laravels/Auth/vendor/laravel/framework/src/Illuminate/Routing/Controller.php(256): call_user_func_array:{/home/vagrant/Code/Laravels/Auth/vendor/laravel/framework/src/Illuminate/Routing/Controller.php:256}()
#5 /home/vagrant/Code/Laravels/Auth/vendor/laravel/framework/src/Illuminate/Routing/ControllerDispatcher.php(164): Illuminate\Routing\Controller->callAction()
#6 /home/vagrant/Code/Laravels/Auth/vendor/laravel/framework/src/Illuminate/Routing/ControllerDispatcher.php(112): Illuminate\Routing\ControllerDispatcher->call()
#7 /home/vagrant/Code/Laravels/Auth/vendor/laravel/framework/src/Illuminate/Pipeline/Pipeline.php(139): Illuminate\Routing\ControllerDispatcher->Illuminate\Routing\{closure}()
#8 /home/vagrant/Code/Laravels/Auth/vendor/laravel/framework/src/Illuminate/Pipeline/Pipeline.php(139): call_user_func:{/home/vagrant/Code/Laravels/Auth/vendor/laravel/framework/src/Illuminate/Pipeline/Pipeline.php:139}()
#9 /home/vagrant/Code/Laravels/Auth/vendor/laravel/framework/src/Illuminate/Pipeline/Pipeline.php(103): Illuminate\Pipeline\Pipeline->Illuminate\Pipeline\{closure}()
#10 /home/vagrant/Code/Laravels/Auth/vendor/laravel/framework/src/Illuminate/Pipeline/Pipeline.php(103): call_user_func:{/home/vagrant/Code/Laravels/Auth/vendor/laravel/framework/src/Illuminate/Pipeline/Pipeline.php:103}()
#11 /home/vagrant/Code/Laravels/Auth/vendor/laravel/framework/src/Illuminate/Routing/ControllerDispatcher.php(114): Illuminate\Pipeline\Pipeline->then()
#12 /home/vagrant/Code/Laravels/Auth/vendor/laravel/framework/src/Illuminate/Routing/ControllerDispatcher.php(69): Illuminate\Routing\ControllerDispatcher->callWithinStack()
#13 /home/vagrant/Code/Laravels/Auth/vendor/laravel/framework/src/Illuminate/Routing/Route.php(203): Illuminate\Routing\ControllerDispatcher->dispatch()
#14 /home/vagrant/Code/Laravels/Auth/vendor/laravel/framework/src/Illuminate/Routing/Route.php(134): Illuminate\Routing\Route->runWithCustomDispatcher()
#15 /home/vagrant/Code/Laravels/Auth/vendor/laravel/framework/src/Illuminate/Routing/Router.php(704): Illuminate\Routing\Route->run()
#16 /home/vagrant/Code/Laravels/Auth/vendor/laravel/framework/src/Illuminate/Pipeline/Pipeline.php(139): Illuminate\Routing\Router->Illuminate\Routing\{closure}()
#17 /home/vagrant/Code/Laravels/Auth/vendor/laravel/framework/src/Illuminate/Pipeline/Pipeline.php(139): call_user_func:{/home/vagrant/Code/Laravels/Auth/vendor/laravel/framework/src/Illuminate/Pipeline/Pipeline.php:139}()
#18 /home/vagrant/Code/Laravels/Auth/vendor/laravel/framework/src/Illuminate/Pipeline/Pipeline.php(103): Illuminate\Pipeline\Pipeline->Illuminate\Pipeline\{closure}()
#19 /home/vagrant/Code/Laravels/Auth/vendor/laravel/framework/src/Illuminate/Pipeline/Pipeline.php(103): call_user_func:{/home/vagrant/Code/Laravels/Auth/vendor/laravel/framework/src/Illuminate/Pipeline/Pipeline.php:103}()
#20 /home/vagrant/Code/Laravels/Auth/vendor/laravel/framework/src/Illuminate/Routing/Router.php(706): Illuminate\Pipeline\Pipeline->then()
#21 /home/vagrant/Code/Laravels/Auth/vendor/laravel/framework/src/Illuminate/Routing/Router.php(671): Illuminate\Routing\Router->runRouteWithinStack()
#22 /home/vagrant/Code/Laravels/Auth/vendor/laravel/framework/src/Illuminate/Routing/Router.php(631): Illuminate\Routing\Router->dispatchToRoute()
#23 /home/vagrant/Code/Laravels/Auth/vendor/laravel/framework/src/Illuminate/Foundation/Http/Kernel.php(236): Illuminate\Routing\Router->dispatch()
#24 /home/vagrant/Code/Laravels/Auth/vendor/laravel/framework/src/Illuminate/Pipeline/Pipeline.php(139): Illuminate\Foundation\Http\Kernel->Illuminate\Foundation\Http\{closure}()
#25 /home/vagrant/Code/Laravels/Auth/vendor/laravel/framework/src/Illuminate/Pipeline/Pipeline.php(139): call_user_func:{/home/vagrant/Code/Laravels/Auth/vendor/laravel/framework/src/Illuminate/Pipeline/Pipeline.php:139}()
#26 /home/vagrant/Code/Laravels/Auth/vendor/barryvdh/laravel-debugbar/src/Middleware/Debugbar.php(49): Illuminate\Pipeline\Pipeline->Illuminate\Pipeline\{closure}()
#27 /home/vagrant/Code/Laravels/Auth/vendor/laravel/framework/src/Illuminate/Pipeline/Pipeline.php(124): Barryvdh\Debugbar\Middleware\Debugbar->handle()
#28 /home/vagrant/Code/Laravels/Auth/vendor/laravel/framework/src/Illuminate/Pipeline/Pipeline.php(124): call_user_func_array:{/home/vagrant/Code/Laravels/Auth/vendor/laravel/framework/src/Illuminate/Pipeline/Pipeline.php:124}()
#29 /home/vagrant/Code/Laravels/Auth/vendor/laravel/framework/src/Illuminate/Foundation/Http/Middleware/VerifyCsrfToken.php(50): Illuminate\Pipeline\Pipeline->Illuminate\Pipeline\{closure}()
#30 /home/vagrant/Code/Laravels/Auth/vendor/laravel/framework/src/Illuminate/Pipeline/Pipeline.php(124): Illuminate\Foundation\Http\Middleware\VerifyCsrfToken->handle()
#31 /home/vagrant/Code/Laravels/Auth/vendor/laravel/framework/src/Illuminate/Pipeline/Pipeline.php(124): call_user_func_array:{/home/vagrant/Code/Laravels/Auth/vendor/laravel/framework/src/Illuminate/Pipeline/Pipeline.php:124}()
#32 /home/vagrant/Code/Laravels/Auth/vendor/laravel/framework/src/Illuminate/View/Middleware/ShareErrorsFromSession.php(49): Illuminate\Pipeline\Pipeline->Illuminate\Pipeline\{closure}()
#33 /home/vagrant/Code/Laravels/Auth/vendor/laravel/framework/src/Illuminate/Pipeline/Pipeline.php(124): Illuminate\View\Middleware\ShareErrorsFromSession->handle()
#34 /home/vagrant/Code/Laravels/Auth/vendor/laravel/framework/src/Illuminate/Pipeline/Pipeline.php(124): call_user_func_array:{/home/vagrant/Code/Laravels/Auth/vendor/laravel/framework/src/Illuminate/Pipeline/Pipeline.php:124}()
#35 /home/vagrant/Code/Laravels/Auth/vendor/laravel/framework/src/Illuminate/Session/Middleware/StartSession.php(62): Illuminate\Pipeline\Pipeline->Illuminate\Pipeline\{closure}()
#36 /home/vagrant/Code/Laravels/Auth/vendor/laravel/framework/src/Illuminate/Pipeline/Pipeline.php(124): Illuminate\Session\Middleware\StartSession->handle()
#37 /home/vagrant/Code/Laravels/Auth/vendor/laravel/framework/src/Illuminate/Pipeline/Pipeline.php(124): call_user_func_array:{/home/vagrant/Code/Laravels/Auth/vendor/laravel/framework/src/Illuminate/Pipeline/Pipeline.php:124}()
#38 /home/vagrant/Code/Laravels/Auth/vendor/laravel/framework/src/Illuminate/Cookie/Middleware/AddQueuedCookiesToResponse.php(37): Illuminate\Pipeline\Pipeline->Illuminate\Pipeline\{closure}()
#39 /home/vagrant/Code/Laravels/Auth/vendor/laravel/framework/src/Illuminate/Pipeline/Pipeline.php(124): Illuminate\Cookie\Middleware\AddQueuedCookiesToResponse->handle()
#40 /home/vagrant/Code/Laravels/Auth/vendor/laravel/framework/src/Illuminate/Pipeline/Pipeline.php(124): call_user_func_array:{/home/vagrant/Code/Laravels/Auth/vendor/laravel/framework/src/Illuminate/Pipeline/Pipeline.php:124}()
#41 /home/vagrant/Code/Laravels/Auth/vendor/laravel/framework/src/Illuminate/Cookie/Middleware/EncryptCookies.php(59): Illuminate\Pipeline\Pipeline->Illuminate\Pipeline\{closure}()
#42 /home/vagrant/Code/Laravels/Auth/vendor/laravel/framework/src/Illuminate/Pipeline/Pipeline.php(124): Illuminate\Cookie\Middleware\EncryptCookies->handle()
#43 /home/vagrant/Code/Laravels/Auth/vendor/laravel/framework/src/Illuminate/Pipeline/Pipeline.php(124): call_user_func_array:{/home/vagrant/Code/Laravels/Auth/vendor/laravel/framework/src/Illuminate/Pipeline/Pipeline.php:124}()
#44 /home/vagrant/Code/Laravels/Auth/vendor/laravel/framework/src/Illuminate/Foundation/Http/Middleware/CheckForMaintenanceMode.php(42): Illuminate\Pipeline\Pipeline->Illuminate\Pipeline\{closure}()
#45 /home/vagrant/Code/Laravels/Auth/vendor/laravel/framework/src/Illuminate/Pipeline/Pipeline.php(124): Illuminate\Foundation\Http\Middleware\CheckForMaintenanceMode->handle()
#46 /home/vagrant/Code/Laravels/Auth/vendor/laravel/framework/src/Illuminate/Pipeline/Pipeline.php(124): call_user_func_array:{/home/vagrant/Code/Laravels/Auth/vendor/laravel/framework/src/Illuminate/Pipeline/Pipeline.php:124}()
#47 /home/vagrant/Code/Laravels/Auth/vendor/laravel/framework/src/Illuminate/Pipeline/Pipeline.php(103): Illuminate\Pipeline\Pipeline->Illuminate\Pipeline\{closure}()
#48 /home/vagrant/Code/Laravels/Auth/vendor/laravel/framework/src/Illuminate/Pipeline/Pipeline.php(103): call_user_func:{/home/vagrant/Code/Laravels/Auth/vendor/laravel/framework/src/Illuminate/Pipeline/Pipeline.php:103}()
#49 /home/vagrant/Code/Laravels/Auth/vendor/laravel/framework/src/Illuminate/Foundation/Http/Kernel.php(122): Illuminate\Pipeline\Pipeline->then()
#50 /home/vagrant/Code/Laravels/Auth/vendor/laravel/framework/src/Illuminate/Foundation/Http/Kernel.php(87): Illuminate\Foundation\Http\Kernel->sendRequestThroughRouter()
#51 /home/vagrant/Code/Laravels/Auth/public/index.php(54): Illuminate\Foundation\Http\Kernel->handle()
#52 /home/vagrant/Code/Laravels/Auth/public/index.php(0): {main}()
#53 {main}  
